<?xml version="1.0" encoding="UTF-8"?>
<testng-results skipped="0" failed="0" ignored="0" total="1" passed="1">
  <reporter-output>
  </reporter-output>
  <suite name="Suite" duration-ms="10182" started-at="2019-08-04T14:22:47Z" finished-at="2019-08-04T14:22:57Z">
    <groups>
    </groups>
    <test name="Test" duration-ms="10182" started-at="2019-08-04T14:22:47Z" finished-at="2019-08-04T14:22:57Z">
      <class name="myproject.test1">
        <test-method status="PASS" signature="setuptest()[pri:0, instance:myproject.test1@2b98378d]" name="setuptest" is-config="true" duration-ms="803" started-at="2019-08-04T14:22:47Z" finished-at="2019-08-04T14:22:48Z">
          <reporter-output>
          </reporter-output>
        </test-method> <!-- setuptest -->
        <test-method status="PASS" signature="thetest()[pri:0, instance:myproject.test1@2b98378d]" name="thetest" duration-ms="9291" started-at="2019-08-04T14:22:48Z" finished-at="2019-08-04T14:22:57Z">
          <reporter-output>
          </reporter-output>
        </test-method> <!-- thetest -->
        <test-method status="PASS" signature="killtest()[pri:0, instance:myproject.test1@2b98378d]" name="killtest" is-config="true" duration-ms="69" started-at="2019-08-04T14:22:57Z" finished-at="2019-08-04T14:22:57Z">
          <reporter-output>
          </reporter-output>
        </test-method> <!-- killtest -->
      </class> <!-- myproject.test1 -->
    </test> <!-- Test -->
  </suite> <!-- Suite -->
</testng-results>
